  handle_ping.c
  handle_pubackcomp.c
  handle_pubrec.c
  handle_pubrel.c
  handle_suback.c
  handle_unsuback.c
  net_mosq.c
c:\users\nitesh\downloads\mosquitto-1.5\mosquitto-1.5\lib\net_mosq.c(347): warning C4267: 'function': conversion from 'size_t' to 'int', possible loss of data
c:\users\nitesh\downloads\mosquitto-1.5\mosquitto-1.5\lib\net_mosq.c(364): warning C4267: 'function': conversion from 'size_t' to 'int', possible loss of data
c:\users\nitesh\downloads\mosquitto-1.5\mosquitto-1.5\lib\net_mosq.c(607): warning C4244: 'function': conversion from 'mosq_sock_t' to 'int', possible loss of data
c:\users\nitesh\downloads\mosquitto-1.5\mosquitto-1.5\lib\net_mosq.c(664): warning C4267: 'function': conversion from 'size_t' to 'int', possible loss of data
c:\users\nitesh\downloads\mosquitto-1.5\mosquitto-1.5\lib\net_mosq.c(691): warning C4267: 'function': conversion from 'size_t' to 'int', possible loss of data
c:\users\nitesh\downloads\mosquitto-1.5\mosquitto-1.5\lib\net_mosq.c(712): warning C4267: 'function': conversion from 'size_t' to 'int', possible loss of data
c:\users\nitesh\downloads\mosquitto-1.5\mosquitto-1.5\lib\net_mosq.c(738): warning C4267: 'function': conversion from 'size_t' to 'int', possible loss of data
  packet_mosq.c
  send_connect.c
c:\users\nitesh\downloads\mosquitto-1.5\mosquitto-1.5\lib\send_connect.c(74): warning C4267: '=': conversion from 'size_t' to 'int', possible loss of data
c:\users\nitesh\downloads\mosquitto-1.5\mosquitto-1.5\lib\send_connect.c(79): warning C4267: '+=': conversion from 'size_t' to 'int', possible loss of data
c:\users\nitesh\downloads\mosquitto-1.5\mosquitto-1.5\lib\send_connect.c(82): warning C4267: '+=': conversion from 'size_t' to 'int', possible loss of data
c:\users\nitesh\downloads\mosquitto-1.5\mosquitto-1.5\lib\send_connect.c(84): warning C4267: '+=': conversion from 'size_t' to 'int', possible loss of data
c:\users\nitesh\downloads\mosquitto-1.5\mosquitto-1.5\lib\send_connect.c(98): warning C4267: 'function': conversion from 'size_t' to 'uint16_t', possible loss of data
c:\users\nitesh\downloads\mosquitto-1.5\mosquitto-1.5\lib\send_connect.c(100): warning C4267: 'function': conversion from 'size_t' to 'uint16_t', possible loss of data
c:\users\nitesh\downloads\mosquitto-1.5\mosquitto-1.5\lib\send_connect.c(123): warning C4267: 'function': conversion from 'size_t' to 'uint16_t', possible loss of data
c:\users\nitesh\downloads\mosquitto-1.5\mosquitto-1.5\lib\send_connect.c(125): warning C4267: 'function': conversion from 'size_t' to 'uint16_t', possible loss of data
c:\users\nitesh\downloads\mosquitto-1.5\mosquitto-1.5\lib\send_connect.c(129): warning C4267: 'function': conversion from 'size_t' to 'uint16_t', possible loss of data
c:\users\nitesh\downloads\mosquitto-1.5\mosquitto-1.5\lib\send_connect.c(131): warning C4267: 'function': conversion from 'size_t' to 'uint16_t', possible loss of data
  send_disconnect.c
  send_mosq.c
  send_publish.c
c:\users\nitesh\downloads\mosquitto-1.5\mosquitto-1.5\lib\send_publish.c(138): warning C4267: '=': conversion from 'size_t' to 'int', possible loss of data
c:\users\nitesh\downloads\mosquitto-1.5\mosquitto-1.5\lib\send_publish.c(152): warning C4267: 'function': conversion from 'size_t' to 'uint16_t', possible loss of data
  send_subscribe.c
c:\users\nitesh\downloads\mosquitto-1.5\mosquitto-1.5\lib\send_subscribe.c(47): warning C4267: '=': conversion from 'size_t' to 'uint32_t', possible loss of data
c:\users\nitesh\downloads\mosquitto-1.5\mosquitto-1.5\lib\send_subscribe.c(63): warning C4267: 'function': conversion from 'size_t' to 'uint16_t', possible loss of data
  send_unsubscribe.c
c:\users\nitesh\downloads\mosquitto-1.5\mosquitto-1.5\lib\send_unsubscribe.c(46): warning C4267: '=': conversion from 'size_t' to 'uint32_t', possible loss of data
c:\users\nitesh\downloads\mosquitto-1.5\mosquitto-1.5\lib\send_unsubscribe.c(62): warning C4267: 'function': conversion from 'size_t' to 'uint16_t', possible loss of data
  tls_mosq.c
c:\users\nitesh\downloads\mosquitto-1.5\mosquitto-1.5\lib\tls_mosq.c(95): warning C4267: '=': conversion from 'size_t' to 'int', possible loss of data
  util_mosq.c
c:\users\nitesh\downloads\mosquitto-1.5\mosquitto-1.5\lib\util_mosq.c(234): warning C4267: '=': conversion from 'size_t' to 'int', possible loss of data
c:\users\nitesh\downloads\mosquitto-1.5\mosquitto-1.5\lib\util_mosq.c(235): warning C4267: '=': conversion from 'size_t' to 'int', possible loss of data
  will_mosq.c
c:\users\nitesh\downloads\mosquitto-1.5\mosquitto-1.5\lib\will_mosq.c(44): warning C4267: 'function': conversion from 'size_t' to 'int', possible loss of data
  bridge.c
c:\users\nitesh\downloads\mosquitto-1.5\mosquitto-1.5\src\bridge.c(57): warning C4267: '+=': conversion from 'size_t' to 'unsigned int', possible loss of data
c:\users\nitesh\downloads\mosquitto-1.5\mosquitto-1.5\src\bridge.c(69): warning C4267: '+=': conversion from 'size_t' to 'unsigned int', possible loss of data
c:\users\nitesh\downloads\mosquitto-1.5\mosquitto-1.5\src\bridge.c(318): warning C4267: '=': conversion from 'size_t' to 'int', possible loss of data
  conf.c
c:\users\nitesh\downloads\mosquitto-1.5\mosquitto-1.5\src\conf.c(662): warning C4267: '=': conversion from 'size_t' to 'int', possible loss of data
c:\users\nitesh\downloads\mosquitto-1.5\mosquitto-1.5\src\conf.c(878): warning C4267: '=': conversion from 'size_t' to 'int', possible loss of data
c:\users\nitesh\downloads\mosquitto-1.5\mosquitto-1.5\src\conf.c(1206): warning C4267: '=': conversion from 'size_t' to 'int', possible loss of data
c:\users\nitesh\downloads\mosquitto-1.5\mosquitto-1.5\src\conf.c(1894): warning C4267: '=': conversion from 'size_t' to 'int', possible loss of data
c:\users\nitesh\downloads\mosquitto-1.5\mosquitto-1.5\src\conf.c(1919): warning C4267: '=': conversion from 'size_t' to 'int', possible loss of data
c:\users\nitesh\downloads\mosquitto-1.5\mosquitto-1.5\src\conf.c(2069): warning C4267: '=': conversion from 'size_t' to 'int', possible loss of data
c:\users\nitesh\downloads\mosquitto-1.5\mosquitto-1.5\src\conf.c(2081): warning C4267: '=': conversion from 'size_t' to 'int', possible loss of data
c:\users\nitesh\downloads\mosquitto-1.5\mosquitto-1.5\src\conf.c(2153): warning C4267: 'function': conversion from 'size_t' to 'int', possible loss of data
  conf_includedir.c
c:\users\nitesh\downloads\mosquitto-1.5\mosquitto-1.5\src\conf_includedir.c(76): warning C4267: '=': conversion from 'size_t' to 'int', possible loss of data
  Generating Code...
  Compiling...
  context.c
  database.c
  handle_connack.c
c:\users\nitesh\downloads\mosquitto-1.5\mosquitto-1.5\src\handle_connack.c(58): warning C4267: '=': conversion from 'size_t' to 'int', possible loss of data
  handle_connect.c
c:\users\nitesh\downloads\mosquitto-1.5\mosquitto-1.5\src\handle_connect.c(312): warning C4267: '=': conversion from 'size_t' to 'int', possible loss of data
c:\users\nitesh\downloads\mosquitto-1.5\mosquitto-1.5\src\handle_connect.c(531): warning C4267: '+=': conversion from 'size_t' to 'unsigned int', possible loss of data
c:\users\nitesh\downloads\mosquitto-1.5\mosquitto-1.5\src\handle_connect.c(664): warning C4267: '+=': conversion from 'size_t' to 'unsigned int', possible loss of data
  handle_publish.c
c:\users\nitesh\downloads\mosquitto-1.5\mosquitto-1.5\src\handle_publish.c(107): warning C4267: '=': conversion from 'size_t' to 'int', possible loss of data
c:\users\nitesh\downloads\mosquitto-1.5\mosquitto-1.5\src\handle_publish.c(141): warning C4267: '=': conversion from 'size_t' to 'int', possible loss of data
  handle_subscribe.c
c:\users\nitesh\downloads\mosquitto-1.5\mosquitto-1.5\src\handle_subscribe.c(98): warning C4267: '=': conversion from 'size_t' to 'int', possible loss of data
  handle_unsubscribe.c
  logging.c
c:\users\nitesh\downloads\mosquitto-1.5\mosquitto-1.5\src\logging.c(193): warning C4267: '=': conversion from 'size_t' to 'int', possible loss of data
c:\users\nitesh\downloads\mosquitto-1.5\mosquitto-1.5\src\logging.c(244): warning C4267: 'function': conversion from 'size_t' to 'uint32_t', possible loss of data
c:\users\nitesh\downloads\mosquitto-1.5\mosquitto-1.5\src\logging.c(247): warning C4267: 'function': conversion from 'size_t' to 'uint32_t', possible loss of data
  loop.c
  mosquitto.c
c:\users\nitesh\downloads\mosquitto-1.5\mosquitto-1.5\src\mosquitto.c(321): warning C4244: '=': conversion from 'mosq_sock_t' to 'int', possible loss of data
  net.c
c:\users\nitesh\downloads\mosquitto-1.5\mosquitto-1.5\src\net.c(72): warning C4047: 'function': 'LPSTR' differs in levels of indirection from 'char **'
c:\users\nitesh\downloads\mosquitto-1.5\mosquitto-1.5\src\net.c(72): warning C4024: 'FormatMessageA': different types for formal and actual parameter 5
c:\users\nitesh\downloads\mosquitto-1.5\mosquitto-1.5\src\net.c(127): warning C4133: 'function': incompatible types - from 'int *' to 'const char *'
c:\users\nitesh\downloads\mosquitto-1.5\mosquitto-1.5\src\net.c(171): warning C4244: 'function': conversion from 'mosq_sock_t' to 'int', possible loss of data
c:\users\nitesh\downloads\mosquitto-1.5\mosquitto-1.5\src\net.c(201): warning C4244: 'return': conversion from 'mosq_sock_t' to 'int', possible loss of data
c:\users\nitesh\downloads\mosquitto-1.5\mosquitto-1.5\src\net.c(312): warning C4267: 'function': conversion from 'size_t' to 'unsigned int', possible loss of data
c:\users\nitesh\downloads\mosquitto-1.5\mosquitto-1.5\src\net.c(398): warning C4267: 'function': conversion from 'size_t' to 'int', possible loss of data
  persist.c
c:\users\nitesh\downloads\mosquitto-1.5\mosquitto-1.5\src\persist.c(48): warning C4267: '+=': conversion from 'size_t' to 'unsigned int', possible loss of data
c:\users\nitesh\downloads\mosquitto-1.5\mosquitto-1.5\src\persist.c(60): warning C4267: '+=': conversion from 'size_t' to 'unsigned int', possible loss of data
c:\users\nitesh\downloads\mosquitto-1.5\mosquitto-1.5\src\persist.c(92): warning C4267: '=': conversion from 'size_t' to 'uint16_t', possible loss of data
c:\users\nitesh\downloads\mosquitto-1.5\mosquitto-1.5\src\persist.c(167): warning C4267: '=': conversion from 'size_t' to 'uint16_t', possible loss of data
c:\users\nitesh\downloads\mosquitto-1.5\mosquitto-1.5\src\persist.c(174): warning C4267: 'function': conversion from 'size_t' to 'u_long', possible loss of data
c:\users\nitesh\downloads\mosquitto-1.5\mosquitto-1.5\src\persist.c(183): warning C4267: '=': conversion from 'size_t' to 'uint16_t', possible loss of data
c:\users\nitesh\downloads\mosquitto-1.5\mosquitto-1.5\src\persist.c(238): warning C4267: 'function': conversion from 'size_t' to 'u_long', possible loss of data
c:\users\nitesh\downloads\mosquitto-1.5\mosquitto-1.5\src\persist.c(244): warning C4267: '=': conversion from 'size_t' to 'uint16_t', possible loss of data
c:\users\nitesh\downloads\mosquitto-1.5\mosquitto-1.5\src\persist.c(291): warning C4267: 'function': conversion from 'size_t' to 'u_long', possible loss of data
c:\users\nitesh\downloads\mosquitto-1.5\mosquitto-1.5\src\persist.c(298): warning C4267: 'function': conversion from 'size_t' to 'u_short', possible loss of data
c:\users\nitesh\downloads\mosquitto-1.5\mosquitto-1.5\src\persist.c(303): warning C4267: 'function': conversion from 'size_t' to 'u_short', possible loss of data
c:\users\nitesh\downloads\mosquitto-1.5\mosquitto-1.5\src\persist.c(366): warning C4267: '=': conversion from 'size_t' to 'int', possible loss of data
c:\users\nitesh\downloads\mosquitto-1.5\mosquitto-1.5\src\persist.c(838): warning C4267: '=': conversion from 'size_t' to 'ssize_t', possible loss of data
c:\users\nitesh\downloads\mosquitto-1.5\mosquitto-1.5\src\persist.c(864): warning C4267: '=': conversion from 'size_t' to 'ssize_t', possible loss of data
  plugin.c
  read_handle.c
  security.c
c:\users\nitesh\downloads\mosquitto-1.5\mosquitto-1.5\src\security.c(36): warning C4047: 'function': 'LPSTR' differs in levels of indirection from 'char **'
c:\users\nitesh\downloads\mosquitto-1.5\mosquitto-1.5\src\security.c(36): warning C4024: 'FormatMessageA': different types for formal and actual parameter 5
  security_default.c
c:\users\nitesh\downloads\mosquitto-1.5\mosquitto-1.5\src\security_default.c(369): warning C4267: '=': conversion from 'size_t' to 'int', possible loss of data
c:\users\nitesh\downloads\mosquitto-1.5\mosquitto-1.5\src\security_default.c(372): warning C4267: '=': conversion from 'size_t' to 'int', possible loss of data
c:\users\nitesh\downloads\mosquitto-1.5\mosquitto-1.5\src\security_default.c(380): warning C4267: '=': conversion from 'size_t' to 'int', possible loss of data
c:\users\nitesh\downloads\mosquitto-1.5\mosquitto-1.5\src\security_default.c(452): warning C4267: '=': conversion from 'size_t' to 'int', possible loss of data
c:\users\nitesh\downloads\mosquitto-1.5\mosquitto-1.5\src\security_default.c(455): warning C4267: '=': conversion from 'size_t' to 'int', possible loss of data
c:\users\nitesh\downloads\mosquitto-1.5\mosquitto-1.5\src\security_default.c(633): warning C4267: '=': conversion from 'size_t' to 'int', possible loss of data
c:\users\nitesh\downloads\mosquitto-1.5\mosquitto-1.5\src\security_default.c(636): warning C4267: '=': conversion from 'size_t' to 'int', possible loss of data
c:\users\nitesh\downloads\mosquitto-1.5\mosquitto-1.5\src\security_default.c(647): warning C4267: '=': conversion from 'size_t' to 'int', possible loss of data
c:\users\nitesh\downloads\mosquitto-1.5\mosquitto-1.5\src\security_default.c(650): warning C4267: '=': conversion from 'size_t' to 'int', possible loss of data
c:\users\nitesh\downloads\mosquitto-1.5\mosquitto-1.5\src\security_default.c(653): warning C4267: '+=': conversion from 'size_t' to 'unsigned int', possible loss of data
c:\users\nitesh\downloads\mosquitto-1.5\mosquitto-1.5\src\security_default.c(994): warning C4267: 'function': conversion from 'size_t' to 'int', possible loss of data
c:\users\nitesh\downloads\mosquitto-1.5\mosquitto-1.5\src\security_default.c(1001): warning C4267: 'function': conversion from 'size_t' to 'int', possible loss of data
  send_connack.c
  send_suback.c
  signals.c
  subs.c
c:\users\nitesh\downloads\mosquitto-1.5\mosquitto-1.5\src\subs.c(157): warning C4267: '=': conversion from 'size_t' to 'uint16_t', possible loss of data
c:\users\nitesh\downloads\mosquitto-1.5\mosquitto-1.5\src\subs.c(190): warning C4267: '=': conversion from 'size_t' to 'int', possible loss of data
c:\users\nitesh\downloads\mosquitto-1.5\mosquitto-1.5\src\subs.c(421): warning C4267: '=': conversion from 'size_t' to 'uint16_t', possible loss of data
  Generating Code...
  Compiling...
  sys_tree.c
c:\users\nitesh\downloads\mosquitto-1.5\mosquitto-1.5\src\sys_tree.c(55): warning C4267: 'function': conversion from 'size_t' to 'uint32_t', possible loss of data
c:\users\nitesh\downloads\mosquitto-1.5\mosquitto-1.5\src\sys_tree.c(74): warning C4267: 'function': conversion from 'size_t' to 'uint32_t', possible loss of data
c:\users\nitesh\downloads\mosquitto-1.5\mosquitto-1.5\src\sys_tree.c(79): warning C4267: 'function': conversion from 'size_t' to 'uint32_t', possible loss of data
c:\users\nitesh\downloads\mosquitto-1.5\mosquitto-1.5\src\sys_tree.c(86): warning C4267: 'function': conversion from 'size_t' to 'uint32_t', possible loss of data
c:\users\nitesh\downloads\mosquitto-1.5\mosquitto-1.5\src\sys_tree.c(87): warning C4267: 'function': conversion from 'size_t' to 'uint32_t', possible loss of data
c:\users\nitesh\downloads\mosquitto-1.5\mosquitto-1.5\src\sys_tree.c(92): warning C4267: 'function': conversion from 'size_t' to 'uint32_t', possible loss of data
c:\users\nitesh\downloads\mosquitto-1.5\mosquitto-1.5\src\sys_tree.c(93): warning C4267: 'function': conversion from 'size_t' to 'uint32_t', possible loss of data
c:\users\nitesh\downloads\mosquitto-1.5\mosquitto-1.5\src\sys_tree.c(98): warning C4267: 'function': conversion from 'size_t' to 'uint32_t', possible loss of data
c:\users\nitesh\downloads\mosquitto-1.5\mosquitto-1.5\src\sys_tree.c(131): warning C4267: 'function': conversion from 'size_t' to 'uint32_t', possible loss of data
c:\users\nitesh\downloads\mosquitto-1.5\mosquitto-1.5\src\sys_tree.c(136): warning C4267: 'function': conversion from 'size_t' to 'uint32_t', possible loss of data
c:\users\nitesh\downloads\mosquitto-1.5\mosquitto-1.5\src\sys_tree.c(214): warning C4267: 'function': conversion from 'size_t' to 'uint32_t', possible loss of data
c:\users\nitesh\downloads\mosquitto-1.5\mosquitto-1.5\src\sys_tree.c(283): warning C4267: 'function': conversion from 'size_t' to 'uint32_t', possible loss of data
c:\users\nitesh\downloads\mosquitto-1.5\mosquitto-1.5\src\sys_tree.c(284): warning C4267: 'function': conversion from 'size_t' to 'uint32_t', possible loss of data
c:\users\nitesh\downloads\mosquitto-1.5\mosquitto-1.5\src\sys_tree.c(290): warning C4267: 'function': conversion from 'size_t' to 'uint32_t', possible loss of data
c:\users\nitesh\downloads\mosquitto-1.5\mosquitto-1.5\src\sys_tree.c(296): warning C4267: 'function': conversion from 'size_t' to 'uint32_t', possible loss of data
c:\users\nitesh\downloads\mosquitto-1.5\mosquitto-1.5\src\sys_tree.c(302): warning C4267: 'function': conversion from 'size_t' to 'uint32_t', possible loss of data
c:\users\nitesh\downloads\mosquitto-1.5\mosquitto-1.5\src\sys_tree.c(312): warning C4267: 'function': conversion from 'size_t' to 'uint32_t', possible loss of data
c:\users\nitesh\downloads\mosquitto-1.5\mosquitto-1.5\src\sys_tree.c(318): warning C4267: 'function': conversion from 'size_t' to 'uint32_t', possible loss of data
c:\users\nitesh\downloads\mosquitto-1.5\mosquitto-1.5\src\sys_tree.c(324): warning C4267: 'function': conversion from 'size_t' to 'uint32_t', possible loss of data
c:\users\nitesh\downloads\mosquitto-1.5\mosquitto-1.5\src\sys_tree.c(330): warning C4267: 'function': conversion from 'size_t' to 'uint32_t', possible loss of data
c:\users\nitesh\downloads\mosquitto-1.5\mosquitto-1.5\src\sys_tree.c(336): warning C4267: 'function': conversion from 'size_t' to 'uint32_t', possible loss of data
c:\users\nitesh\downloads\mosquitto-1.5\mosquitto-1.5\src\sys_tree.c(342): warning C4267: 'function': conversion from 'size_t' to 'uint32_t', possible loss of data
c:\users\nitesh\downloads\mosquitto-1.5\mosquitto-1.5\src\sys_tree.c(348): warning C4267: 'function': conversion from 'size_t' to 'uint32_t', possible loss of data
c:\users\nitesh\downloads\mosquitto-1.5\mosquitto-1.5\src\sys_tree.c(354): warning C4267: 'function': conversion from 'size_t' to 'uint32_t', possible loss of data
c:\users\nitesh\downloads\mosquitto-1.5\mosquitto-1.5\src\sys_tree.c(360): warning C4267: 'function': conversion from 'size_t' to 'uint32_t', possible loss of data
  Generating Code...
  mosquitto.vcxproj -> C:\Users\Nitesh\Downloads\mosquitto-1.5\mosquitto-1.5\build64\src\Debug\mosquitto.exe
